<?xml version="1.0" encoding="UTF-8"?>
<!-- Generated by org.testng.reporters.JUnitReportReporter -->
<testsuite hostname="DESKTOP-529V1VI" failures="0" tests="2" name="com.Kite.TestCaseclasses.TC03KiteLogoutFunctionality" time="43.656" errors="0" timestamp="2022-04-14T13:23:37 IST" skipped="0">
  <testcase classname="com.Kite.TestCaseclasses.TC03KiteLogoutFunctionality" name="LogOutPagefunctionality" time="14.075"/>
  <system-out/>
  <testcase classname="com.Kite.TestCaseclasses.TC03KiteLogoutFunctionality" name="LogOutPagefunctionality" time="29.581"/>
  <system-out/>
</testsuite> <!-- com.Kite.TestCaseclasses.TC03KiteLogoutFunctionality -->
