<?xml version="1.0" encoding="UTF-8"?>
<!-- Generated by org.testng.reporters.JUnitReportReporter -->
<testsuite hostname="DESKTOP-529V1VI" failures="0" tests="1" name="com.Kite.TestCaseclasses.TC01KiteLoginPageFunctionality" time="11.078" errors="0" timestamp="2022-04-15T15:28:25 IST" skipped="0">
  <testcase classname="com.Kite.TestCaseclasses.TC01KiteLoginPageFunctionality" name="LoginPagefunctionality" time="11.078"/>
  <system-out/>
</testsuite> <!-- com.Kite.TestCaseclasses.TC01KiteLoginPageFunctionality -->
