<?xml version="1.0" encoding="UTF-8"?>
<!-- Generated by org.testng.reporters.JUnitReportReporter -->
<testsuite hostname="DESKTOP-529V1VI" failures="0" tests="2" name="com.Kite.TestCaseclasses.TC01KiteLoginPageFunctionality" time="33.328" errors="0" timestamp="2022-04-17T23:56:12 IST" skipped="0">
  <testcase classname="com.Kite.TestCaseclasses.TC01KiteLoginPageFunctionality" name="LoginPagefunctionality" time="15.582"/>
  <system-out/>
  <testcase classname="com.Kite.TestCaseclasses.TC01KiteLoginPageFunctionality" name="LoginPagefunctionality" time="17.746"/>
  <system-out/>
</testsuite> <!-- com.Kite.TestCaseclasses.TC01KiteLoginPageFunctionality -->
